<?xml version="1.0" encoding="UTF-8"?>
<!-- Generated by org.testng.reporters.JUnitReportReporter -->
<testsuite hostname="LAPTOP-T3IK0MSI" failures="0" tests="1" name="cj.CC" time="0.028" errors="0" timestamp="2025-02-07T08:07:18 IST" skipped="0">
  <testcase classname="cj.CC" name="testRun" time="0.028"/>
</testsuite> <!-- cj.CC -->
