<?xml version="1.0" encoding="UTF-8"?>
<!-- Generated by org.testng.reporters.JUnitReportReporter -->
<testsuite hostname="LAPTOP-T3IK0MSI" failures="0" tests="2" name="testng.test.Day3" time="0.010" errors="0" timestamp="2025-02-06T08:12:07 IST" skipped="0">
  <testcase classname="testng.test.Day3" name="carLoan" time="0.003"/>
  <testcase classname="testng.test.Day3" name="webLoginCarLoan" time="0.007"/>
</testsuite> <!-- testng.test.Day3 -->
