<?xml version="1.0" encoding="UTF-8"?>
<!-- Generated by org.testng.reporters.JUnitReportReporter -->
<testsuite hostname="LAPTOP-T3IK0MSI" failures="0" tests="1" name="testng.test.Day2" time="0.004" errors="0" timestamp="2025-02-06T08:12:07 IST" skipped="0">
  <testcase classname="testng.test.Day2" name="ploan" time="0.004"/>
</testsuite> <!-- testng.test.Day2 -->
