<?xml version="1.0" encoding="UTF-8"?>
<!-- Generated by org.testng.reporters.JUnitReportReporter -->
<testsuite hostname="LAPTOP-T3IK0MSI" failures="0" tests="1" name="reports.ExtentReports.ExtentReportsDemo" time="15.405" errors="0" timestamp="2025-02-20T07:22:14 IST" skipped="0">
  <testcase classname="reports.ExtentReports.ExtentReportsDemo" name="initialDemo" time="15.405"/>
</testsuite> <!-- reports.ExtentReports.ExtentReportsDemo -->
